\BOOKMARK [0][-]{chapter*.1}{Abstract}{}% 1
\BOOKMARK [0][-]{chapter.1}{Introduction}{}% 2
\BOOKMARK [0][-]{chapter.2}{State of the Art}{}% 3
\BOOKMARK [1][-]{section.2.1}{Automated and Autonomous Vehicles}{chapter.2}% 4
\BOOKMARK [1][-]{section.2.2}{Autonomous Driving Navigation Architectures}{chapter.2}% 5
\BOOKMARK [1][-]{section.2.3}{Behavior Types}{chapter.2}% 6
\BOOKMARK [2][-]{subsection.2.3.1}{Reactive}{section.2.3}% 7
\BOOKMARK [2][-]{subsection.2.3.2}{Deliberative}{section.2.3}% 8
\BOOKMARK [2][-]{subsection.2.3.3}{Hybrid}{section.2.3}% 9
\BOOKMARK [1][-]{section.2.4}{Behavior Planning Approaches}{chapter.2}% 10
\BOOKMARK [2][-]{subsection.2.4.1}{Finite State Machines}{section.2.4}% 11
\BOOKMARK [2][-]{subsection.2.4.2}{Behavior Trees}{section.2.4}% 12
\BOOKMARK [0][-]{chapter.3}{Concept}{}% 13
\BOOKMARK [1][-]{section.3.1}{Current State}{chapter.3}% 14
\BOOKMARK [2][-]{subsection.3.1.1}{Turtlebot3}{section.3.1}% 15
\BOOKMARK [2][-]{subsection.3.1.2}{ROS?!}{section.3.1}% 16
\BOOKMARK [2][-]{subsection.3.1.3}{Navigation2}{section.3.1}% 17
\BOOKMARK [1][-]{section.3.2}{Risk Analysis For Requirement Prioritization}{chapter.3}% 18
\BOOKMARK [1][-]{section.3.3}{Requirements}{chapter.3}% 19
\BOOKMARK [1][-]{section.3.4}{Software}{chapter.3}% 20
\BOOKMARK [2][-]{subsection.3.4.1}{Behaviortree.CPP}{section.3.4}% 21
\BOOKMARK [0][-]{chapter.4}{Implementation}{}% 22
\BOOKMARK [1][-]{section.4.1}{System Architecture}{chapter.4}% 23
\BOOKMARK [1][-]{section.4.2}{Behavior Tree Structure}{chapter.4}% 24
\BOOKMARK [2][-]{subsection.4.2.1}{BT System Supervision}{section.4.2}% 25
\BOOKMARK [2][-]{subsection.4.2.2}{BT Advanced Behaviors}{section.4.2}% 26
\BOOKMARK [0][-]{chapter.5}{Evaluation}{}% 27
\BOOKMARK [1][-]{section.5.1}{Scenarios}{chapter.5}% 28
\BOOKMARK [0][-]{chapter.6}{Summary}{}% 29
\BOOKMARK [1][-]{section.6.1}{Conclusion}{chapter.6}% 30
\BOOKMARK [1][-]{section.6.2}{Prospect}{chapter.6}% 31
